3/3/2016 4:48:13 PM	This log contains information about the import schema operation into project 'TicketReservations' on computer 'JODEBRUI-L1' by user 'jodebrui'.
3/3/2016 4:48:14 PM	Import of database schema has started.
3/3/2016 4:48:20 PM	Gathering database options
3/3/2016 4:48:20 PM	Gathering users
3/3/2016 4:48:20 PM	Gathering roles
3/3/2016 4:48:20 PM	Gathering application roles
3/3/2016 4:48:20 PM	Gathering role memberships
3/3/2016 4:48:20 PM	Gathering filegroups
3/3/2016 4:48:20 PM	Gathering full-text catalogs
3/3/2016 4:48:20 PM	Gathering assemblies
3/3/2016 4:48:20 PM	Gathering certificates
3/3/2016 4:48:20 PM	Gathering asymmetric keys
3/3/2016 4:48:20 PM	Gathering symmetric keys
3/3/2016 4:48:20 PM	Gathering encrypted symmetric keys
3/3/2016 4:48:20 PM	Gathering schemas
3/3/2016 4:48:20 PM	Gathering XML schema collections
3/3/2016 4:48:20 PM	Gathering user-defined data types
3/3/2016 4:48:20 PM	Gathering user-defined types
3/3/2016 4:48:20 PM	Gathering table types
3/3/2016 4:48:20 PM	Gathering unique keys for table types
3/3/2016 4:48:20 PM	Gathering primary keys for table types
3/3/2016 4:48:20 PM	Gathering indexes for table types
3/3/2016 4:48:20 PM	Gathering check constraints for table types
3/3/2016 4:48:20 PM	Gathering default constraints for table types
3/3/2016 4:48:20 PM	Gathering partition functions
3/3/2016 4:48:20 PM	Gathering partition schemes
3/3/2016 4:48:20 PM	Gathering functions
3/3/2016 4:48:20 PM	Gathering encrypted functions
3/3/2016 4:48:20 PM	Gathering aggregates
3/3/2016 4:48:20 PM	Gathering procedures
3/3/2016 4:48:20 PM	Gathering encrypted procedures
3/3/2016 4:48:20 PM	Gathering tables
3/3/2016 4:48:20 PM	Gathering primary keys
3/3/2016 4:48:20 PM	Gathering unique constraints
3/3/2016 4:48:20 PM	Gathering foreign keys
3/3/2016 4:48:20 PM	Gathering default constraints
3/3/2016 4:48:20 PM	Gathering check constraints
3/3/2016 4:48:20 PM	Gathering views
3/3/2016 4:48:20 PM	Gathering encrypted views
3/3/2016 4:48:20 PM	Gathering indexes
3/3/2016 4:48:20 PM	Gathering statistics
3/3/2016 4:48:20 PM	Gathering full-text index stoplists
3/3/2016 4:48:20 PM	Gathering search property lists
3/3/2016 4:48:20 PM	Gathering search properties
3/3/2016 4:48:20 PM	Gathering full-text indexes
3/3/2016 4:48:20 PM	Gathering column store indexes
3/3/2016 4:48:20 PM	Gathering spatial indexes
3/3/2016 4:48:20 PM	Gathering XML indexes
3/3/2016 4:48:20 PM	Gathering Selective XML indexes
3/3/2016 4:48:20 PM	Gathering encrypted triggers
3/3/2016 4:48:20 PM	Gathering triggers
3/3/2016 4:48:20 PM	Gathering encrypted and clr ddl triggers
3/3/2016 4:48:20 PM	Gathering ddl triggers
3/3/2016 4:48:20 PM	Gathering synonyms
3/3/2016 4:48:20 PM	Gathering defaults
3/3/2016 4:48:20 PM	Gathering data constraint uddt bindings
3/3/2016 4:48:20 PM	Gathering rules
3/3/2016 4:48:20 PM	Gathering data constraint uddt bindings
3/3/2016 4:48:20 PM	Gathering message types
3/3/2016 4:48:20 PM	Gathering queues
3/3/2016 4:48:20 PM	Gathering contracts
3/3/2016 4:48:20 PM	Gathering services
3/3/2016 4:48:20 PM	Gathering event notifications
3/3/2016 4:48:20 PM	Gathering remote service bindings
3/3/2016 4:48:20 PM	Gathering broker priorities
3/3/2016 4:48:20 PM	Gathering signatures
3/3/2016 4:48:20 PM	Gathering data compression options
3/3/2016 4:48:20 PM	Gathering sequence types
3/3/2016 4:48:20 PM	Gathering security policies
3/3/2016 4:48:20 PM	Gather column encryption keys
3/3/2016 4:48:20 PM	Gathering column master keys
3/3/2016 4:48:20 PM	Gathering extended properties
3/3/2016 4:48:20 PM	Gathering credentials
3/3/2016 4:48:20 PM	Gathering logins
3/3/2016 4:48:20 PM	Gathering server audits
3/3/2016 4:48:20 PM	Scanning project for duplicate elements
3/3/2016 4:48:20 PM	Finished duplicate element processing
3/3/2016 4:48:21 PM	Finished importing database.
3/3/2016 4:48:21 PM	A summary of the import was saved to the following location: C:\Users\jodebrui\OneDrive for Business\Shared with Everyone\hkdemo-2016\TicketReservations\Import Schema Logs\TicketReservations_20160304124813.log
3/3/2016 4:48:21 PM	Click Finish to continue...
